TN:
SF:src/Categorize.ts
FN:15,categorize
FNF:1
FNH:1
FNDA:274,categorize
DA:15,2
DA:17,274
DA:18,125
DA:22,149
DA:23,2
DA:27,147
DA:28,1
DA:30,146
DA:31,1
DA:35,145
DA:36,2
DA:40,143
DA:41,0
DA:45,143
LF:14
LH:13
BRDA:17,0,0,125
BRDA:17,0,1,149
BRDA:22,1,0,2
BRDA:22,1,1,147
BRDA:22,2,0,149
BRDA:22,2,1,2
BRDA:27,3,0,1
BRDA:27,3,1,146
BRDA:30,4,0,1
BRDA:30,4,1,145
BRDA:35,5,0,2
BRDA:35,5,1,143
BRDA:40,6,0,0
BRDA:40,6,1,143
BRF:14
BRH:13
end_of_record
TN:
SF:src/Context.ts
FN:3,(anonymous_0)
FN:7,Environment
FN:12,(anonymous_2)
FN:16,(anonymous_3)
FN:26,(anonymous_4)
FN:38,(anonymous_5)
FNF:6
FNH:5
FNDA:2,(anonymous_0)
FNDA:2460,Environment
FNDA:3433,(anonymous_2)
FNDA:32322,(anonymous_3)
FNDA:0,(anonymous_4)
FNDA:1315,(anonymous_5)
DA:3,2
DA:7,2502
DA:8,2460
DA:9,2460
DA:12,2
DA:13,3433
DA:16,2
DA:17,32322
DA:18,9581
DA:20,22741
DA:21,22740
DA:23,1
DA:26,2
DA:27,0
DA:28,0
DA:29,0
DA:31,0
DA:32,0
DA:33,0
DA:35,0
DA:38,2
DA:39,1315
DA:40,1315
DA:41,1315
DA:43,1315
DA:45,2
LF:26
LH:19
BRDA:7,0,0,42
BRDA:7,0,1,2418
BRDA:17,1,0,9581
BRDA:17,1,1,22741
BRDA:20,2,0,22740
BRDA:20,2,1,1
BRDA:27,3,0,0
BRDA:27,3,1,0
BRDA:31,4,0,0
BRDA:31,4,1,0
BRDA:41,5,0,1315
BRDA:41,5,1,0
BRF:12
BRH:7
end_of_record
TN:
SF:src/Interpret.ts
FN:6,interpret
FN:14,evaluateExpression
FN:32,(anonymous_2)
FN:65,(anonymous_3)
FN:74,callFunction
FN:116,mapWithClosure
FN:126,(anonymous_6)
FN:137,reduceWithClosure
FNF:8
FNH:8
FNDA:73,interpret
FNDA:21605,evaluateExpression
FNDA:41,(anonymous_2)
FNDA:9589,(anonymous_3)
FNDA:6844,callFunction
FNDA:3,mapWithClosure
FNDA:1104,(anonymous_6)
FNDA:4,reduceWithClosure
DA:3,2
DA:4,2
DA:6,2
DA:7,73
DA:8,0
DA:11,73
DA:15,21605
DA:21,3836
DA:24,9582
DA:25,9582
DA:27,1
DA:32,41
DA:33,18
DA:36,8169
DA:37,0
DA:40,8169
DA:43,8169
DA:44,2422
DA:48,5747
DA:49,5747
DA:50,3
DA:51,3
DA:52,3
DA:55,5744
DA:56,4
DA:57,4
DA:58,4
DA:59,4
DA:64,5740
DA:65,9589
DA:67,5740
DA:70,0
DA:75,6844
DA:77,5529
DA:78,5529
DA:80,3
DA:84,3945
DA:86,1315
DA:87,0
DA:90,1315
DA:92,1315
DA:93,1315
DA:96,0
DA:97,0
DA:98,0
DA:99,0
DA:103,0
DA:104,0
DA:106,0
DA:111,0
DA:116,2
DA:117,3
DA:118,0
DA:121,3
DA:122,0
DA:125,3
DA:126,3
DA:127,1104
DA:128,0
DA:130,1104
DA:134,3
DA:137,2
DA:138,4
DA:139,0
DA:142,4
DA:143,0
DA:146,4
DA:147,4
DA:149,1109
DA:150,1109
DA:151,1109
DA:153,0
DA:157,4
LF:73
LH:55
BRDA:7,0,0,0
BRDA:7,0,1,73
BRDA:15,1,0,3830
BRDA:15,1,1,3832
BRDA:15,1,2,3834
BRDA:15,1,3,3836
BRDA:15,1,4,3836
BRDA:15,1,5,9582
BRDA:15,1,6,18
BRDA:15,1,7,8169
BRDA:15,1,8,0
BRDA:36,2,0,0
BRDA:36,2,1,8169
BRDA:43,3,0,2422
BRDA:43,3,1,5747
BRDA:43,4,0,8169
BRDA:43,4,1,8169
BRDA:48,5,0,5747
BRDA:48,5,1,0
BRDA:49,6,0,3
BRDA:49,6,1,5744
BRDA:49,7,0,5747
BRDA:49,7,1,3
BRDA:55,8,0,4
BRDA:55,8,1,5740
BRDA:55,9,0,5744
BRDA:55,9,1,4
BRDA:75,10,0,5529
BRDA:75,10,1,1315
BRDA:75,10,2,0
BRDA:86,11,0,0
BRDA:86,11,1,1315
BRDA:96,12,0,0
BRDA:96,12,1,0
BRDA:98,13,0,0
BRDA:98,13,1,0
BRDA:117,14,0,0
BRDA:117,14,1,3
BRDA:117,15,0,3
BRDA:117,15,1,3
BRDA:121,16,0,0
BRDA:121,16,1,3
BRDA:121,17,0,3
BRDA:121,17,1,1
BRDA:127,18,0,0
BRDA:127,18,1,1104
BRDA:138,19,0,0
BRDA:138,19,1,4
BRDA:138,20,0,4
BRDA:138,20,1,0
BRDA:142,21,0,0
BRDA:142,21,1,4
BRDA:142,22,0,4
BRDA:142,22,1,2
BRDA:150,23,0,1109
BRDA:150,23,1,0
BRF:56
BRH:39
end_of_record
TN:
SF:src/Keywords.ts
FN:10,(anonymous_0)
FN:25,(anonymous_1)
FN:53,(anonymous_2)
FN:71,(anonymous_3)
FN:83,(anonymous_4)
FN:98,(anonymous_5)
FN:132,(anonymous_6)
FN:190,(anonymous_7)
FN:191,(anonymous_8)
FN:195,(anonymous_9)
FN:213,(anonymous_10)
FN:220,(anonymous_11)
FNF:12
FNH:7
FNDA:2,(anonymous_0)
FNDA:4,(anonymous_1)
FNDA:4,(anonymous_2)
FNDA:3,(anonymous_3)
FNDA:3,(anonymous_4)
FNDA:1103,(anonymous_5)
FNDA:0,(anonymous_6)
FNDA:0,(anonymous_7)
FNDA:0,(anonymous_8)
FNDA:1310,(anonymous_9)
FNDA:0,(anonymous_10)
FNDA:0,(anonymous_11)
DA:2,2
DA:9,2
DA:11,2
DA:12,0
DA:15,2
DA:16,2
DA:17,0
DA:20,2
DA:21,2
DA:22,2
DA:26,4
DA:27,0
DA:30,4
DA:31,4
DA:32,0
DA:35,4
DA:40,4
DA:41,0
DA:42,0
DA:43,0
DA:45,4
DA:46,4
DA:49,4
DA:50,0
DA:53,4
DA:54,4
DA:55,0
DA:57,4
DA:60,4
DA:67,4
DA:68,4
DA:72,3
DA:73,0
DA:76,3
DA:77,3
DA:79,3
DA:80,0
DA:83,3
DA:84,3
DA:85,0
DA:87,3
DA:90,3
DA:99,1103
DA:100,0
DA:103,1103
DA:104,1103
DA:106,1103
DA:107,0
DA:110,1103
DA:111,1103
DA:112,0
DA:115,1103
DA:117,1103
DA:118,1104
DA:119,1104
DA:121,1104
DA:122,0
DA:125,1104
DA:126,1104
DA:129,1103
DA:133,0
DA:134,0
DA:137,0
DA:138,0
DA:140,0
DA:141,0
DA:144,0
DA:145,0
DA:146,0
DA:149,0
DA:150,0
DA:151,0
DA:153,0
DA:154,0
DA:155,0
DA:157,0
DA:158,0
DA:161,0
DA:162,0
DA:163,0
DA:164,0
DA:167,0
DA:168,0
DA:169,0
DA:170,0
DA:172,0
DA:173,0
DA:174,0
DA:175,0
DA:179,0
DA:180,0
DA:182,0
DA:184,0
DA:191,0
DA:192,0
DA:196,1310
DA:197,0
DA:200,1310
DA:201,1310
DA:204,1310
DA:205,655
DA:206,655
DA:207,655
DA:209,0
DA:214,0
DA:215,0
DA:217,0
DA:221,0
DA:222,0
DA:223,0
DA:225,0
LF:111
LH:51
BRDA:11,0,0,0
BRDA:11,0,1,2
BRDA:16,1,0,0
BRDA:16,1,1,2
BRDA:26,2,0,0
BRDA:26,2,1,4
BRDA:31,3,0,0
BRDA:31,3,1,4
BRDA:40,4,0,0
BRDA:40,4,1,4
BRDA:40,5,0,4
BRDA:40,5,1,0
BRDA:49,6,0,0
BRDA:49,6,1,4
BRDA:49,7,0,4
BRDA:49,7,1,4
BRDA:49,7,2,4
BRDA:54,8,0,0
BRDA:54,8,1,4
BRDA:72,9,0,0
BRDA:72,9,1,3
BRDA:79,10,0,0
BRDA:79,10,1,3
BRDA:79,11,0,3
BRDA:79,11,1,3
BRDA:79,11,2,3
BRDA:84,12,0,0
BRDA:84,12,1,3
BRDA:99,13,0,0
BRDA:99,13,1,1103
BRDA:106,14,0,0
BRDA:106,14,1,1103
BRDA:106,15,0,1103
BRDA:106,15,1,1103
BRDA:106,15,2,1103
BRDA:111,16,0,0
BRDA:111,16,1,1103
BRDA:121,17,0,0
BRDA:121,17,1,1104
BRDA:133,18,0,0
BRDA:133,18,1,0
BRDA:140,19,0,0
BRDA:140,19,1,0
BRDA:140,20,0,0
BRDA:140,20,1,0
BRDA:140,20,2,0
BRDA:145,21,0,0
BRDA:145,21,1,0
BRDA:157,22,0,0
BRDA:157,22,1,0
BRDA:172,23,0,0
BRDA:172,23,1,0
BRDA:174,24,0,0
BRDA:174,24,1,0
BRDA:196,25,0,0
BRDA:196,25,1,1310
BRDA:196,26,0,1310
BRDA:196,26,1,1310
BRDA:201,27,0,1310
BRDA:201,27,1,1310
BRDA:201,27,2,1310
BRDA:204,28,0,655
BRDA:204,28,1,655
BRDA:206,29,0,655
BRDA:206,29,1,0
BRDA:214,30,0,0
BRDA:214,30,1,0
BRF:67
BRH:33
end_of_record
TN:
SF:src/Library.ts
FN:6,isNumber
FN:10,isList
FN:14,isVector
FN:18,isSeq
FN:22,toJSValue
FN:48,(anonymous_6)
FN:49,(anonymous_7)
FN:56,(anonymous_8)
FN:64,(anonymous_9)
FN:71,(anonymous_10)
FN:72,(anonymous_11)
FN:79,(anonymous_12)
FN:83,(anonymous_13)
FN:92,(anonymous_14)
FN:96,(anonymous_15)
FN:101,(anonymous_16)
FN:106,(anonymous_17)
FN:111,(anonymous_18)
FN:117,(anonymous_19)
FN:123,(anonymous_20)
FN:129,(anonymous_21)
FN:135,(anonymous_22)
FN:142,(anonymous_23)
FN:146,(anonymous_24)
FN:152,(anonymous_25)
FN:157,(anonymous_26)
FN:163,(anonymous_27)
FN:168,(anonymous_28)
FN:175,(anonymous_29)
FN:176,(anonymous_30)
FN:186,(anonymous_31)
FN:187,(anonymous_32)
FN:198,(anonymous_33)
FN:208,(anonymous_34)
FN:218,(anonymous_35)
FN:256,createGlobalEnvironment
FN:260,(anonymous_37)
FNF:37
FNH:32
FNDA:11574,isNumber
FNDA:12,isList
FNDA:11,isVector
FNDA:12,isSeq
FNDA:0,toJSValue
FNDA:2308,(anonymous_6)
FNDA:4617,(anonymous_7)
FNDA:755,(anonymous_8)
FNDA:206,(anonymous_9)
FNDA:1116,(anonymous_10)
FNDA:2233,(anonymous_11)
FNDA:1102,(anonymous_12)
FNDA:1102,(anonymous_13)
FNDA:2,(anonymous_14)
FNDA:2,(anonymous_15)
FNDA:2,(anonymous_16)
FNDA:211,(anonymous_17)
FNDA:3,(anonymous_18)
FNDA:5,(anonymous_19)
FNDA:1,(anonymous_20)
FNDA:1,(anonymous_21)
FNDA:3,(anonymous_22)
FNDA:3,(anonymous_23)
FNDA:3,(anonymous_24)
FNDA:1103,(anonymous_25)
FNDA:2,(anonymous_26)
FNDA:3,(anonymous_27)
FNDA:5,(anonymous_28)
FNDA:1,(anonymous_29)
FNDA:1,(anonymous_30)
FNDA:0,(anonymous_31)
FNDA:0,(anonymous_32)
FNDA:0,(anonymous_33)
FNDA:0,(anonymous_34)
FNDA:7,(anonymous_35)
FNDA:42,createGlobalEnvironment
FNDA:1008,(anonymous_37)
DA:3,2
DA:7,11574
DA:11,12
DA:15,11
DA:19,12
DA:23,0
DA:27,0
DA:29,0
DA:32,0
DA:35,0
DA:37,0
DA:39,0
DA:41,0
DA:46,2
DA:48,9233
DA:49,2308
DA:50,4617
DA:51,4616
DA:53,2307
DA:56,2471
DA:57,755
DA:58,755
DA:59,550
DA:60,550
DA:62,205
DA:63,205
DA:64,205
DA:65,206
DA:66,206
DA:68,205
DA:71,4465
DA:72,1116
DA:73,2233
DA:74,2233
DA:76,1116
DA:79,4408
DA:80,1102
DA:81,1102
DA:82,1102
DA:83,1102
DA:84,1102
DA:85,1102
DA:86,1101
DA:88,1101
DA:93,2
DA:97,2
DA:98,2
DA:102,2
DA:103,2
DA:107,211
DA:108,211
DA:112,3
DA:113,3
DA:118,5
DA:119,5
DA:120,5
DA:124,1
DA:125,1
DA:126,1
DA:130,1
DA:131,1
DA:132,1
DA:136,3
DA:137,3
DA:138,3
DA:143,3
DA:147,3
DA:148,2
DA:149,2
DA:153,1103
DA:154,1103
DA:158,2
DA:159,2
DA:164,3
DA:165,3
DA:169,5
DA:170,5
DA:171,4
DA:175,3
DA:176,1
DA:177,1
DA:178,0
DA:179,0
DA:180,0
DA:182,1
DA:183,1
DA:186,0
DA:187,0
DA:188,0
DA:189,0
DA:190,0
DA:191,0
DA:193,0
DA:194,0
DA:199,0
DA:200,0
DA:202,0
DA:205,0
DA:209,0
DA:210,0
DA:212,0
DA:215,0
DA:218,24
DA:219,7
DA:220,0
DA:223,7
DA:225,7
DA:226,5
DA:227,5
DA:228,2
DA:229,1
DA:230,1
DA:231,1
DA:233,1
DA:234,0
DA:236,1
DA:237,1
DA:238,1
DA:241,7
DA:242,7
DA:243,7
DA:244,1121
DA:247,0
DA:248,0
DA:252,7
DA:256,2
DA:257,42
DA:260,1008
DA:261,1008
DA:264,42
LF:130
LH:99
BRDA:19,0,0,12
BRDA:19,0,1,11
BRDA:23,1,0,0
BRDA:23,1,1,0
BRDA:23,1,2,0
BRDA:23,1,3,0
BRDA:23,1,4,0
BRDA:23,1,5,0
BRDA:23,1,6,0
BRDA:23,1,7,0
BRDA:23,1,8,0
BRDA:23,1,9,0
BRDA:23,1,10,0
BRDA:50,2,0,1
BRDA:50,2,1,4616
BRDA:57,3,0,0
BRDA:57,3,1,755
BRDA:58,4,0,550
BRDA:58,4,1,205
BRDA:59,5,0,0
BRDA:59,5,1,550
BRDA:63,6,0,0
BRDA:63,6,1,205
BRDA:65,7,0,0
BRDA:65,7,1,206
BRDA:73,8,0,0
BRDA:73,8,1,2233
BRDA:80,9,0,0
BRDA:80,9,1,1102
BRDA:82,10,0,0
BRDA:82,10,1,1102
BRDA:84,11,0,0
BRDA:84,11,1,1102
BRDA:85,12,0,1
BRDA:85,12,1,1101
BRDA:97,13,0,0
BRDA:97,13,1,2
BRDA:97,14,0,2
BRDA:97,14,1,2
BRDA:102,15,0,0
BRDA:102,15,1,2
BRDA:102,16,0,2
BRDA:102,16,1,2
BRDA:107,17,0,0
BRDA:107,17,1,211
BRDA:107,18,0,211
BRDA:107,18,1,211
BRDA:112,19,0,0
BRDA:112,19,1,3
BRDA:112,20,0,3
BRDA:112,20,1,3
BRDA:118,21,0,0
BRDA:118,21,1,5
BRDA:120,22,0,4
BRDA:120,22,1,1
BRDA:124,23,0,0
BRDA:124,23,1,1
BRDA:130,24,0,0
BRDA:130,24,1,1
BRDA:136,25,0,0
BRDA:136,25,1,3
BRDA:137,26,0,0
BRDA:137,26,1,3
BRDA:147,27,0,1
BRDA:147,27,1,2
BRDA:148,28,0,0
BRDA:148,28,1,2
BRDA:153,29,0,0
BRDA:153,29,1,1103
BRDA:158,30,0,0
BRDA:158,30,1,2
BRDA:164,31,0,0
BRDA:164,31,1,3
BRDA:169,32,0,0
BRDA:169,32,1,5
BRDA:170,33,0,1
BRDA:170,33,1,4
BRDA:177,34,0,1
BRDA:177,34,1,0
BRDA:178,35,0,0
BRDA:178,35,1,0
BRDA:179,36,0,0
BRDA:179,36,1,0
BRDA:188,37,0,0
BRDA:188,37,1,0
BRDA:189,38,0,0
BRDA:189,38,1,0
BRDA:190,39,0,0
BRDA:190,39,1,0
BRDA:199,40,0,0
BRDA:199,40,1,0
BRDA:199,41,0,0
BRDA:199,41,1,0
BRDA:202,42,0,0
BRDA:202,42,1,0
BRDA:209,43,0,0
BRDA:209,43,1,0
BRDA:209,44,0,0
BRDA:209,44,1,0
BRDA:212,45,0,0
BRDA:212,45,1,0
BRDA:219,46,0,0
BRDA:219,46,1,7
BRDA:219,47,0,7
BRDA:219,47,1,7
BRDA:225,48,0,5
BRDA:225,48,1,2
BRDA:226,49,0,0
BRDA:226,49,1,5
BRDA:228,50,0,1
BRDA:228,50,1,1
BRDA:229,51,0,0
BRDA:229,51,1,1
BRDA:229,52,0,1
BRDA:229,52,1,1
BRDA:233,53,0,0
BRDA:233,53,1,1
BRDA:233,54,0,1
BRDA:233,54,1,1
BRDA:233,54,2,1
BRDA:242,55,0,7
BRDA:242,55,1,0
BRF:122
BRH:61
end_of_record
TN:
SF:src/Parenthesize.ts
FN:3,parenthesize
FNF:1
FNH:1
FNDA:676,parenthesize
DA:1,2
DA:3,2
DA:4,676
DA:5,73
DA:8,603
DA:10,603
DA:11,73
DA:12,73
DA:14,0
DA:17,530
DA:18,101
DA:19,101
DA:20,101
DA:23,429
DA:24,101
DA:27,328
DA:28,27
DA:29,27
DA:30,27
DA:33,301
DA:34,27
DA:37,274
DA:38,0
DA:39,0
DA:46,0
DA:49,274
DA:50,274
LF:27
LH:23
BRDA:4,0,0,73
BRDA:4,0,1,603
BRDA:10,1,0,73
BRDA:10,1,1,530
BRDA:11,2,0,73
BRDA:11,2,1,0
BRDA:17,3,0,101
BRDA:17,3,1,429
BRDA:23,4,0,101
BRDA:23,4,1,328
BRDA:27,5,0,27
BRDA:27,5,1,301
BRDA:29,6,0,27
BRDA:29,6,1,0
BRDA:33,7,0,27
BRDA:33,7,1,274
BRDA:37,8,0,0
BRDA:37,8,1,274
BRF:18
BRH:15
end_of_record
TN:
SF:src/Parse.ts
FN:5,parse
FNF:1
FNH:1
FNDA:73,parse
DA:1,2
DA:2,2
DA:5,2
DA:6,73
DA:7,73
DA:8,0
DA:10,73
LF:7
LH:6
BRDA:7,0,0,0
BRDA:7,0,1,73
BRF:2
BRH:1
end_of_record
TN:
SF:src/Tokenizer.ts
FN:2,tokenizer
FN:4,(anonymous_1)
FN:11,(anonymous_2)
FN:26,(anonymous_3)
FN:27,(anonymous_4)
FNF:5
FNH:5
FNDA:73,tokenizer
FNDA:91,(anonymous_1)
FNDA:77,(anonymous_2)
FNDA:530,(anonymous_3)
FNDA:530,(anonymous_4)
DA:2,2
DA:4,73
DA:5,91
DA:6,91
DA:9,73
DA:12,77
DA:13,75
DA:20,2
DA:26,530
DA:27,530
LF:10
LH:10
BRDA:6,0,0,0
BRDA:6,0,1,91
BRDA:12,1,0,75
BRDA:12,1,1,2
BRF:4
BRH:3
end_of_record
